[PARSEC] Benchmarks to run:  splash2x.fft

[PARSEC] [========== Running benchmark splash2x.fft [1] ==========]
[PARSEC] Setting up run directory.
[PARSEC] No archive for input 'native' available, skipping input setup.
[PARSEC] Running 'time /parsec-benchmark/ext/splash2x/kernels/fft/inst/amd64-linux.gcc/bin/run.sh 2 native':
[PARSEC] [---------- Beginning of output ----------]
Generating input file ...
Running /parsec-benchmark/ext/splash2x/kernels/fft/inst/amd64-linux.gcc/bin/fft -m28 -p2:

FFT with Blocking Transpose
   268435456 Complex Doubles
   2 Processors
   65536 Cache lines
   16 Byte line size
   4096 Bytes per page

iter_num = 8192
iter_num = 8192
Transpose: iter_num = 0
Transpose: iter_num = 67108864
Step 1: 12224386
FFt1DOnce: iter_num = 114688
Step 2: 32753597
Transpose: iter_num = 0
Transpose: iter_num = 67108864
Step 3:  5039531
Transpose: iter_num = 0
Step 4: 32386959
Transpose: iter_num = 67108864
Step 5:  5302464

                 PROCESS STATISTICS
            Computation      Transpose     Transpose
 Proc          Time            Time        Fraction
    0          87707050       22566381       0.25729

                 TIMING INFORMATION
Start time                        : 1622034331709527
Initialization finish time        : 1622034371046108
Overall finish time               : 1622034458753158
Total time with initialization    :        127043631
Total time without initialization :         87707050
Overall transpose time            :         22566381
Overall transpose fraction        :          0.25729


real	2m7.870s
user	2m47.288s
sys	0m42.454s
[PARSEC] [----------    End of output    ----------]
[PARSEC]
[PARSEC] BIBLIOGRAPHY
[PARSEC]
[PARSEC] [1] Woo et al. The SPLASH-2 Programs: Characterization and Methodological Considerations. ISCA, 1995.
[PARSEC]
[PARSEC] Done.
