[PARSEC] Benchmarks to run:  splash2x.fft

[PARSEC] [========== Running benchmark splash2x.fft [1] ==========]
[PARSEC] Setting up run directory.
[PARSEC] No archive for input 'native' available, skipping input setup.
[PARSEC] Running 'time /parsec-benchmark/ext/splash2x/kernels/fft/inst/amd64-linux.gcc/bin/run.sh 2 native':
[PARSEC] [---------- Beginning of output ----------]
Generating input file ...
Running /parsec-benchmark/ext/splash2x/kernels/fft/inst/amd64-linux.gcc/bin/fft -m28 -p2:

FFT with Blocking Transpose
   268435456 Complex Doubles
   2 Processors
   65536 Cache lines
   16 Byte line size
   4096 Bytes per page

iter_num = 8192
iter_num = 8192
Transpose: iter_num = 0
Transpose: iter_num = 67108864
Step 1: 17074676
FFt1DOnce: iter_num = 114688
Step 2: 207175313
Transpose: iter_num = 0
Transpose: iter_num = 67108864
Step 3:  6262726
Step 4: 1229086848
Transpose: iter_num = 0
Transpose: iter_num = 67108864
Step 5:  6797231

                 PROCESS STATISTICS
            Computation      Transpose     Transpose
 Proc          Time            Time        Fraction
    0        1466396909       30134633       0.02055

                 TIMING INFORMATION
Start time                        : 1621969599738636
Initialization finish time        : 1621969702790882
Overall finish time               : 1621971169187791
Total time with initialization    :       1569449155
Total time without initialization :       1466396909
Overall transpose time            :         30134633
Overall transpose fraction        :          0.02055


real	26m10.572s
user	2m48.379s
sys	0m55.666s
[PARSEC] [----------    End of output    ----------]
[PARSEC]
[PARSEC] BIBLIOGRAPHY
[PARSEC]
[PARSEC] [1] Woo et al. The SPLASH-2 Programs: Characterization and Methodological Considerations. ISCA, 1995.
[PARSEC]
[PARSEC] Done.
