[PARSEC] Benchmarks to run:  splash2x.fft

[PARSEC] [========== Running benchmark splash2x.fft [1] ==========]
[PARSEC] Setting up run directory.
[PARSEC] No archive for input 'native' available, skipping input setup.
[PARSEC] Running 'time /parsec-benchmark/ext/splash2x/kernels/fft/inst/amd64-linux.gcc/bin/run.sh 2 native':
[PARSEC] [---------- Beginning of output ----------]
Generating input file ...
Running /parsec-benchmark/ext/splash2x/kernels/fft/inst/amd64-linux.gcc/bin/fft -m28 -p2:

FFT with Blocking Transpose
   268435456 Complex Doubles
   2 Processors
   65536 Cache lines
   16 Byte line size
   4096 Bytes per page

iter_num = 8192
iter_num = 8192
Transpose: iter_num = 0
Transpose: iter_num = 67108864
Step 1: 15272107
FFt1DOnce: iter_num = 114688
Step 2: 37823771
Transpose: iter_num = 0
Transpose: iter_num = 67108864
Step 3:  5118077
Transpose: iter_num = 0
Step 4: 32867185
Transpose: iter_num = 67108864
Step 5:  5477323

                 PROCESS STATISTICS
            Computation      Transpose     Transpose
 Proc          Time            Time        Fraction
    0          96558536       25867507       0.26789

                 TIMING INFORMATION
Start time                        : 1622026769067504
Initialization finish time        : 1622026811056386
Overall finish time               : 1622026907614922
Total time with initialization    :        138547418
Total time without initialization :         96558536
Overall transpose time            :         25867507
Overall transpose fraction        :          0.26789


real	2m19.433s
user	3m4.547s
sys	0m38.257s
[PARSEC] [----------    End of output    ----------]
[PARSEC]
[PARSEC] BIBLIOGRAPHY
[PARSEC]
[PARSEC] [1] Woo et al. The SPLASH-2 Programs: Characterization and Methodological Considerations. ISCA, 1995.
[PARSEC]
[PARSEC] Done.
