[PARSEC] Benchmarks to run:  splash2x.fft

[PARSEC] [========== Running benchmark splash2x.fft [1] ==========]
[PARSEC] Setting up run directory.
[PARSEC] No archive for input 'native' available, skipping input setup.
[PARSEC] Running 'time /parsec-benchmark/ext/splash2x/kernels/fft/inst/amd64-linux.gcc/bin/run.sh 2 native':
[PARSEC] [---------- Beginning of output ----------]
Generating input file ...
Running /parsec-benchmark/ext/splash2x/kernels/fft/inst/amd64-linux.gcc/bin/fft -m28 -p2:

FFT with Blocking Transpose
   268435456 Complex Doubles
   2 Processors
   65536 Cache lines
   16 Byte line size
   4096 Bytes per page

iter_num = 8192
iter_num = 8192
Transpose: iter_num = 0
Transpose: iter_num = 67108864
Step 1: 11437990
FFt1DOnce: iter_num = 114688
Transpose: iter_num = 0
Step 2: 30735671
Transpose: iter_num = 67108864
Step 3:  4926249
Step 4: 30485225
Transpose: iter_num = 0
Transpose: iter_num = 67108864
Step 5:  5758793

                 PROCESS STATISTICS
            Computation      Transpose     Transpose
 Proc          Time            Time        Fraction
    0          83344051       22123032       0.26544

                 TIMING INFORMATION
Start time                        : 1622047518906487
Initialization finish time        : 1622047559553009
Overall finish time               : 1622047642897060
Total time with initialization    :        123990573
Total time without initialization :         83344051
Overall transpose time            :         22123032
Overall transpose fraction        :          0.26544


real	2m4.706s
user	2m46.076s
sys	0m36.709s
[PARSEC] [----------    End of output    ----------]
[PARSEC]
[PARSEC] BIBLIOGRAPHY
[PARSEC]
[PARSEC] [1] Woo et al. The SPLASH-2 Programs: Characterization and Methodological Considerations. ISCA, 1995.
[PARSEC]
[PARSEC] Done.
