[PARSEC] Benchmarks to run:  splash2x.fft

[PARSEC] [========== Running benchmark splash2x.fft [1] ==========]
[PARSEC] Setting up run directory.
[PARSEC] No archive for input 'native' available, skipping input setup.
[PARSEC] Running 'time /parsec-benchmark/ext/splash2x/kernels/fft/inst/amd64-linux.gcc/bin/run.sh 1 native':
[PARSEC] [---------- Beginning of output ----------]
Generating input file ...
Running /parsec-benchmark/ext/splash2x/kernels/fft/inst/amd64-linux.gcc/bin/fft -m28 -p1:

FFT with Blocking Transpose
   268435456 Complex Doubles
   1 Processors
   65536 Cache lines
   16 Byte line size
   4096 Bytes per page

iter_num = 16384
Transpose: iter_num = 0
Step 1: 155163843
FFt1DOnce: iter_num = 114688
Step 2: 275482363
Transpose: iter_num = 0
Step 3:  9734031
Step 4: 170054327
Transpose: iter_num = 0
Step 5: 29977306

                 PROCESS STATISTICS
            Computation      Transpose     Transpose
 Proc          Time            Time        Fraction
    0         640411886      194875180       0.30430

                 TIMING INFORMATION
Start time                        : 1622021703337252
Initialization finish time        : 1622021900736042
Overall finish time               : 1622022541147928
Total time with initialization    :        837810676
Total time without initialization :        640411886
Overall transpose time            :        194875180
Overall transpose fraction        :          0.30430


real	13m58.624s
user	2m58.203s
sys	0m19.434s
[PARSEC] [----------    End of output    ----------]
[PARSEC]
[PARSEC] BIBLIOGRAPHY
[PARSEC]
[PARSEC] [1] Woo et al. The SPLASH-2 Programs: Characterization and Methodological Considerations. ISCA, 1995.
[PARSEC]
[PARSEC] Done.
