[PARSEC] Benchmarks to run:  splash2x.fft

[PARSEC] [========== Running benchmark splash2x.fft [1] ==========]
[PARSEC] Setting up run directory.
[PARSEC] No archive for input 'native' available, skipping input setup.
[PARSEC] Running 'time /parsec-benchmark/ext/splash2x/kernels/fft/inst/amd64-linux.gcc/bin/run.sh 2 native':
[PARSEC] [---------- Beginning of output ----------]
Generating input file ...
Running /parsec-benchmark/ext/splash2x/kernels/fft/inst/amd64-linux.gcc/bin/fft -m28 -p2:

FFT with Blocking Transpose
   268435456 Complex Doubles
   2 Processors
   65536 Cache lines
   16 Byte line size
   4096 Bytes per page

iter_num = 8192
iter_num = 8192
Transpose: iter_num = 0
Transpose: iter_num = 67108864
Step 1: 16197269
FFt1DOnce: iter_num = 114688
Step 2: 30381052
Transpose: iter_num = 0
Transpose: iter_num = 67108864
Step 3:  7389981
Transpose: iter_num = 0
Step 4: 30181812
Transpose: iter_num = 67108864
Step 5:  5165766

                 PROCESS STATISTICS
            Computation      Transpose     Transpose
 Proc          Time            Time        Fraction
    0          89653083       28753016       0.32071

                 TIMING INFORMATION
Start time                        : 1621978886708624
Initialization finish time        : 1621978931272081
Overall finish time               : 1621979020925164
Total time with initialization    :        134216540
Total time without initialization :         89653083
Overall transpose time            :         28753016
Overall transpose fraction        :          0.32071


real	2m15.136s
user	2m56.753s
sys	0m44.005s
[PARSEC] [----------    End of output    ----------]
[PARSEC]
[PARSEC] BIBLIOGRAPHY
[PARSEC]
[PARSEC] [1] Woo et al. The SPLASH-2 Programs: Characterization and Methodological Considerations. ISCA, 1995.
[PARSEC]
[PARSEC] Done.
