[PARSEC] Benchmarks to run:  splash2x.fft

[PARSEC] [========== Running benchmark splash2x.fft [1] ==========]
[PARSEC] Setting up run directory.
[PARSEC] No archive for input 'native' available, skipping input setup.
[PARSEC] Running 'time /parsec-benchmark/ext/splash2x/kernels/fft/inst/amd64-linux.gcc/bin/run.sh 8 native':
[PARSEC] [---------- Beginning of output ----------]
Generating input file ...
Running /parsec-benchmark/ext/splash2x/kernels/fft/inst/amd64-linux.gcc/bin/fft -m28 -p8:

FFT with Blocking Transpose
   268435456 Complex Doubles
   8 Processors
   65536 Cache lines
   16 Byte line size
   4096 Bytes per page

iter_num = 2048
iter_num = 2048
iter_num = 2048
iter_num = 2048
iter_num = 2048
iter_num = 2048
iter_num = 2048
iter_num = 2048
Transpose: iter_num = 0
Transpose: iter_num = 4194304
Transpose: iter_num = 8388608
Transpose: iter_num = 12582912
Transpose: iter_num = 16777216
Transpose: iter_num = 20971520
Transpose: iter_num = 25165824
Transpose: iter_num = 29360128
FFt1DOnce: iter_num = 114688
Step 1:  4195559
Transpose: iter_num = 0
Step 2:  8868387
Transpose: iter_num = 4194304
Transpose: iter_num = 8388608
Transpose: iter_num = 12582912
Transpose: iter_num = 16777216
Transpose: iter_num = 20971520
Transpose: iter_num = 25165824
Transpose: iter_num = 29360128
Step 3:  1509781
Step 4:  8348998
Transpose: iter_num = 0
Transpose: iter_num = 4194304
Transpose: iter_num = 8388608
Transpose: iter_num = 12582912
Transpose: iter_num = 16777216
Transpose: iter_num = 20971520
Transpose: iter_num = 25165824
Transpose: iter_num = 29360128
Step 5:  1082905

                 PROCESS STATISTICS
            Computation      Transpose     Transpose
 Proc          Time            Time        Fraction
    0          24009044        6788245       0.28274

                 TIMING INFORMATION
Start time                        : 1621941406816744
Initialization finish time        : 1621941436676813
Overall finish time               : 1621941460685857
Total time with initialization    :         53869113
Total time without initialization :         24009044
Overall transpose time            :          6788245
Overall transpose fraction        :          0.28274


real	0m54.373s
user	3m17.674s
sys	0m24.081s
[PARSEC] [----------    End of output    ----------]
[PARSEC]
[PARSEC] BIBLIOGRAPHY
[PARSEC]
[PARSEC] [1] Woo et al. The SPLASH-2 Programs: Characterization and Methodological Considerations. ISCA, 1995.
[PARSEC]
[PARSEC] Done.
