[PARSEC] Benchmarks to run:  splash2x.fft

[PARSEC] [========== Running benchmark splash2x.fft [1] ==========]
[PARSEC] Setting up run directory.
[PARSEC] No archive for input 'native' available, skipping input setup.
[PARSEC] Running 'time /parsec-benchmark/ext/splash2x/kernels/fft/inst/amd64-linux.gcc/bin/run.sh 2 native':
[PARSEC] [---------- Beginning of output ----------]
Generating input file ...
Running /parsec-benchmark/ext/splash2x/kernels/fft/inst/amd64-linux.gcc/bin/fft -m28 -p2:

FFT with Blocking Transpose
   268435456 Complex Doubles
   2 Processors
   65536 Cache lines
   16 Byte line size
   4096 Bytes per page

iter_num = 8192
iter_num = 8192
Transpose: iter_num = 0
Transpose: iter_num = 67108864
FFt1DOnce: iter_num = 114688
Step 1: 12823743
Step 2: 31359284
Transpose: iter_num = 0
Transpose: iter_num = 67108864
Step 3:  5779629
Step 4: 28876229
Transpose: iter_num = 0
Transpose: iter_num = 67108864
Step 5:  5009275

                 PROCESS STATISTICS
            Computation      Transpose     Transpose
 Proc          Time            Time        Fraction
    0          84071045       23612647       0.28087

                 TIMING INFORMATION
Start time                        : 1622049357906179
Initialization finish time        : 1622049398883799
Overall finish time               : 1622049482954844
Total time with initialization    :        125048665
Total time without initialization :         84071045
Overall transpose time            :         23612647
Overall transpose fraction        :          0.28087


real	2m5.765s
user	2m54.866s
sys	0m31.134s
[PARSEC] [----------    End of output    ----------]
[PARSEC]
[PARSEC] BIBLIOGRAPHY
[PARSEC]
[PARSEC] [1] Woo et al. The SPLASH-2 Programs: Characterization and Methodological Considerations. ISCA, 1995.
[PARSEC]
[PARSEC] Done.
