[PARSEC] Benchmarks to run:  splash2x.fft

[PARSEC] [========== Running benchmark splash2x.fft [1] ==========]
[PARSEC] Setting up run directory.
[PARSEC] No archive for input 'native' available, skipping input setup.
[PARSEC] Running 'time /parsec-benchmark/ext/splash2x/kernels/fft/inst/amd64-linux.gcc/bin/run.sh 2 native':
[PARSEC] [---------- Beginning of output ----------]
Generating input file ...
Running /parsec-benchmark/ext/splash2x/kernels/fft/inst/amd64-linux.gcc/bin/fft -m28 -p2:

FFT with Blocking Transpose
   268435456 Complex Doubles
   2 Processors
   65536 Cache lines
   16 Byte line size
   4096 Bytes per page

iter_num = 8192
iter_num = 8192
Transpose: iter_num = 0
Transpose: iter_num = 67108864
Step 1: 16113052
FFt1DOnce: iter_num = 114688
Transpose: iter_num = 0
Step 2: 29495528
Transpose: iter_num = 67108864
Step 3:  7578760
Transpose: iter_num = 0
Step 4: 26305514
Transpose: iter_num = 67108864
Step 5:  4539138

                 PROCESS STATISTICS
            Computation      Transpose     Transpose
 Proc          Time            Time        Fraction
    0          84132157       28230950       0.33555

                 TIMING INFORMATION
Start time                        : 1622060058799994
Initialization finish time        : 1622060105177854
Overall finish time               : 1622060189310011
Total time with initialization    :        130510017
Total time without initialization :         84132157
Overall transpose time            :         28230950
Overall transpose fraction        :          0.33555


real	2m11.234s
user	2m42.493s
sys	0m49.308s
[PARSEC] [----------    End of output    ----------]
[PARSEC]
[PARSEC] BIBLIOGRAPHY
[PARSEC]
[PARSEC] [1] Woo et al. The SPLASH-2 Programs: Characterization and Methodological Considerations. ISCA, 1995.
[PARSEC]
[PARSEC] Done.
