[PARSEC] Benchmarks to run:  splash2x.fft

[PARSEC] [========== Running benchmark splash2x.fft [1] ==========]
[PARSEC] Setting up run directory.
[PARSEC] No archive for input 'native' available, skipping input setup.
[PARSEC] Running 'time /parsec-benchmark/ext/splash2x/kernels/fft/inst/amd64-linux.gcc/bin/run.sh 2 native':
[PARSEC] [---------- Beginning of output ----------]
Generating input file ...
Running /parsec-benchmark/ext/splash2x/kernels/fft/inst/amd64-linux.gcc/bin/fft -m28 -p2:

FFT with Blocking Transpose
   268435456 Complex Doubles
   2 Processors
   65536 Cache lines
   16 Byte line size
   4096 Bytes per page

iter_num = 8192
iter_num = 8192
Transpose: iter_num = 0
Transpose: iter_num = 67108864
Step 1: 12269699
FFt1DOnce: iter_num = 114688
Transpose: iter_num = 0
Step 2: 30340246
Transpose: iter_num = 67108864
Step 3:  5685749
Transpose: iter_num = 0
Step 4: 25207606
Transpose: iter_num = 67108864
Step 5:  6627593

                 PROCESS STATISTICS
            Computation      Transpose     Transpose
 Proc          Time            Time        Fraction
    0          80415225       24583041       0.30570

                 TIMING INFORMATION
Start time                        : 1622031276550923
Initialization finish time        : 1622031314844502
Overall finish time               : 1622031395259727
Total time with initialization    :        118708804
Total time without initialization :         80415225
Overall transpose time            :         24583041
Overall transpose fraction        :          0.30570


real	1m59.758s
user	2m46.858s
sys	0m32.060s
[PARSEC] [----------    End of output    ----------]
[PARSEC]
[PARSEC] BIBLIOGRAPHY
[PARSEC]
[PARSEC] [1] Woo et al. The SPLASH-2 Programs: Characterization and Methodological Considerations. ISCA, 1995.
[PARSEC]
[PARSEC] Done.
