[PARSEC] Benchmarks to run:  splash2x.fft

[PARSEC] [========== Running benchmark splash2x.fft [1] ==========]
[PARSEC] Setting up run directory.
[PARSEC] No archive for input 'native' available, skipping input setup.
[PARSEC] Running 'time /parsec-benchmark/ext/splash2x/kernels/fft/inst/amd64-linux.gcc/bin/run.sh 2 native':
[PARSEC] [---------- Beginning of output ----------]
Generating input file ...
Running /parsec-benchmark/ext/splash2x/kernels/fft/inst/amd64-linux.gcc/bin/fft -m28 -p2:

FFT with Blocking Transpose
   268435456 Complex Doubles
   2 Processors
   65536 Cache lines
   16 Byte line size
   4096 Bytes per page

iter_num = 8192
iter_num = 8192
Transpose: iter_num = 0
Transpose: iter_num = 67108864
FFt1DOnce: iter_num = 114688
Step 1: 10903755
Step 2: 29926468
Transpose: iter_num = 0
Transpose: iter_num = 67108864
Step 3:  5900021
Step 4: 27964075
Transpose: iter_num = 0
Transpose: iter_num = 67108864
Step 5:  4799097

                 PROCESS STATISTICS
            Computation      Transpose     Transpose
 Proc          Time            Time        Fraction
    0          79493575       21602873       0.27176

                 TIMING INFORMATION
Start time                        : 1622064495555416
Initialization finish time        : 1622064534164961
Overall finish time               : 1622064613658536
Total time with initialization    :        118103120
Total time without initialization :         79493575
Overall transpose time            :         21602873
Overall transpose fraction        :          0.27176


real	1m58.781s
user	2m34.818s
sys	0m40.918s
[PARSEC] [----------    End of output    ----------]
[PARSEC]
[PARSEC] BIBLIOGRAPHY
[PARSEC]
[PARSEC] [1] Woo et al. The SPLASH-2 Programs: Characterization and Methodological Considerations. ISCA, 1995.
[PARSEC]
[PARSEC] Done.
