[PARSEC] Benchmarks to run:  splash2x.fft

[PARSEC] [========== Running benchmark splash2x.fft [1] ==========]
[PARSEC] Setting up run directory.
[PARSEC] No archive for input 'native' available, skipping input setup.
[PARSEC] Running 'time /parsec-benchmark/ext/splash2x/kernels/fft/inst/amd64-linux.gcc/bin/run.sh 2 native':
[PARSEC] [---------- Beginning of output ----------]
Generating input file ...
Running /parsec-benchmark/ext/splash2x/kernels/fft/inst/amd64-linux.gcc/bin/fft -m28 -p2:

FFT with Blocking Transpose
   268435456 Complex Doubles
   2 Processors
   65536 Cache lines
   16 Byte line size
   4096 Bytes per page

iter_num = 8192
iter_num = 8192
Transpose: iter_num = 0
Transpose: iter_num = 67108864
FFt1DOnce: iter_num = 114688
Step 1: 12121474
Step 2: 332812202
Transpose: iter_num = 0
Transpose: iter_num = 67108864
Step 3:  7804094
Transpose: iter_num = 0
Step 4: 607575637
Transpose: iter_num = 67108864
Step 5:  4420483

                 PROCESS STATISTICS
            Computation      Transpose     Transpose
 Proc          Time            Time        Fraction
    0         964884087       24346051       0.02523

                 TIMING INFORMATION
Start time                        : 1621974129424574
Initialization finish time        : 1621974701472753
Overall finish time               : 1621975666356840
Total time with initialization    :       1536932266
Total time without initialization :        964884087
Overall transpose time            :         24346051
Overall transpose fraction        :          0.02523


real	25m37.762s
user	3m12.388s
sys	0m51.769s
[PARSEC] [----------    End of output    ----------]
[PARSEC]
[PARSEC] BIBLIOGRAPHY
[PARSEC]
[PARSEC] [1] Woo et al. The SPLASH-2 Programs: Characterization and Methodological Considerations. ISCA, 1995.
[PARSEC]
[PARSEC] Done.
