[PARSEC] Benchmarks to run:  splash2x.fft

[PARSEC] [========== Running benchmark splash2x.fft [1] ==========]
[PARSEC] Setting up run directory.
[PARSEC] No archive for input 'native' available, skipping input setup.
[PARSEC] Running 'time /parsec-benchmark/ext/splash2x/kernels/fft/inst/amd64-linux.gcc/bin/run.sh 2 native':
[PARSEC] [---------- Beginning of output ----------]
Generating input file ...
Running /parsec-benchmark/ext/splash2x/kernels/fft/inst/amd64-linux.gcc/bin/fft -m28 -p2:

FFT with Blocking Transpose
   268435456 Complex Doubles
   2 Processors
   65536 Cache lines
   16 Byte line size
   4096 Bytes per page

iter_num = 8192
iter_num = 8192
Transpose: iter_num = 0
Transpose: iter_num = 67108864
Step 1: 12187304
FFt1DOnce: iter_num = 114688
Transpose: iter_num = 0
Step 2: 29751594
Transpose: iter_num = 67108864
Step 3:  5890490
Step 4: 27710596
Transpose: iter_num = 0
Transpose: iter_num = 67108864
Step 5:  5253975

                 PROCESS STATISTICS
            Computation      Transpose     Transpose
 Proc          Time            Time        Fraction
    0          80857739       23331769       0.28855

                 TIMING INFORMATION
Start time                        : 1622062498444522
Initialization finish time        : 1622062537263069
Overall finish time               : 1622062618120808
Total time with initialization    :        119676286
Total time without initialization :         80857739
Overall transpose time            :         23331769
Overall transpose fraction        :          0.28855


real	2m0.361s
user	2m43.729s
sys	0m32.270s
[PARSEC] [----------    End of output    ----------]
[PARSEC]
[PARSEC] BIBLIOGRAPHY
[PARSEC]
[PARSEC] [1] Woo et al. The SPLASH-2 Programs: Characterization and Methodological Considerations. ISCA, 1995.
[PARSEC]
[PARSEC] Done.
