[PARSEC] Benchmarks to run:  splash2x.fft

[PARSEC] [========== Running benchmark splash2x.fft [1] ==========]
[PARSEC] Setting up run directory.
[PARSEC] No archive for input 'native' available, skipping input setup.
[PARSEC] Running 'time /parsec-benchmark/ext/splash2x/kernels/fft/inst/amd64-linux.gcc/bin/run.sh 2 native':
[PARSEC] [---------- Beginning of output ----------]
Generating input file ...
Running /parsec-benchmark/ext/splash2x/kernels/fft/inst/amd64-linux.gcc/bin/fft -m28 -p2:

FFT with Blocking Transpose
   268435456 Complex Doubles
   2 Processors
   65536 Cache lines
   16 Byte line size
   4096 Bytes per page

iter_num = 8192
iter_num = 8192
Transpose: iter_num = 0
Transpose: iter_num = 67108864
Step 1: 11781775
FFt1DOnce: iter_num = 114688
Transpose: iter_num = 0
Step 2: 30679245
Transpose: iter_num = 67108864
Step 3:  5543197
Transpose: iter_num = 0
Step 4: 31247388
Transpose: iter_num = 67108864
Step 5:  5762548

                 PROCESS STATISTICS
            Computation      Transpose     Transpose
 Proc          Time            Time        Fraction
    0          85014228       23087520       0.27157

                 TIMING INFORMATION
Start time                        : 1622024430015782
Initialization finish time        : 1622024469560867
Overall finish time               : 1622024554575095
Total time with initialization    :        124559313
Total time without initialization :         85014228
Overall transpose time            :         23087520
Overall transpose fraction        :          0.27157


real	2m5.263s
user	2m56.292s
sys	0m28.590s
[PARSEC] [----------    End of output    ----------]
[PARSEC]
[PARSEC] BIBLIOGRAPHY
[PARSEC]
[PARSEC] [1] Woo et al. The SPLASH-2 Programs: Characterization and Methodological Considerations. ISCA, 1995.
[PARSEC]
[PARSEC] Done.
