[PARSEC] Benchmarks to run:  splash2x.fft

[PARSEC] [========== Running benchmark splash2x.fft [1] ==========]
[PARSEC] Setting up run directory.
[PARSEC] No archive for input 'native' available, skipping input setup.
[PARSEC] Running 'time /parsec-benchmark/ext/splash2x/kernels/fft/inst/amd64-linux.gcc/bin/run.sh 2 native':
[PARSEC] [---------- Beginning of output ----------]
Generating input file ...
Running /parsec-benchmark/ext/splash2x/kernels/fft/inst/amd64-linux.gcc/bin/fft -m28 -p2:

FFT with Blocking Transpose
   268435456 Complex Doubles
   2 Processors
   65536 Cache lines
   16 Byte line size
   4096 Bytes per page

iter_num = 8192
iter_num = 8192
Transpose: iter_num = 0
Transpose: iter_num = 67108864
Step 1: 16512210
FFt1DOnce: iter_num = 114688
Transpose: iter_num = 0
Step 2: 30773019
Transpose: iter_num = 67108864
Step 3:  6247121
Step 4: 29397320
Transpose: iter_num = 0
Transpose: iter_num = 67108864
Step 5:  4935566

                 PROCESS STATISTICS
            Computation      Transpose     Transpose
 Proc          Time            Time        Fraction
    0          88012291       27694897       0.31467

                 TIMING INFORMATION
Start time                        : 1622054597082616
Initialization finish time        : 1622054642328892
Overall finish time               : 1622054730341183
Total time with initialization    :        133258567
Total time without initialization :         88012291
Overall transpose time            :         27694897
Overall transpose fraction        :          0.31467


real	2m14.020s
user	2m50.766s
sys	0m43.932s
[PARSEC] [----------    End of output    ----------]
[PARSEC]
[PARSEC] BIBLIOGRAPHY
[PARSEC]
[PARSEC] [1] Woo et al. The SPLASH-2 Programs: Characterization and Methodological Considerations. ISCA, 1995.
[PARSEC]
[PARSEC] Done.
